0 info it worked if it ends with ok
1 verbose cli [ '/usr/local/bin/node', '/usr/local/bin/npm', 'install' ]
2 info using npm@4.0.5
3 info using node@v10.20.1
4 silly loadCurrentTree Starting
5 silly install loadCurrentTree
6 silly install readLocalPackageData
7 silly install normalizeTree
8 silly loadCurrentTree Finishing
9 silly loadIdealTree Starting
10 silly install loadIdealTree
11 silly cloneCurrentTree Starting
12 silly install cloneCurrentTreeToIdealTree
13 silly cloneCurrentTree Finishing
14 silly loadShrinkwrap Starting
15 silly install loadShrinkwrap
16 silly loadShrinkwrap Finishing
17 silly loadAllDepsIntoIdealTree Starting
18 silly install loadAllDepsIntoIdealTree
19 silly fetchNamedPackageData fuzzysort
20 silly mapToRegistry name fuzzysort
21 silly mapToRegistry using default registry
22 silly mapToRegistry registry https://registry.npmjs.org/
23 silly mapToRegistry data Result {
23 silly mapToRegistry   raw: 'fuzzysort',
23 silly mapToRegistry   scope: null,
23 silly mapToRegistry   escapedName: 'fuzzysort',
23 silly mapToRegistry   name: 'fuzzysort',
23 silly mapToRegistry   rawSpec: '',
23 silly mapToRegistry   spec: 'latest',
23 silly mapToRegistry   type: 'tag' }
24 silly mapToRegistry uri https://registry.npmjs.org/fuzzysort
25 verbose request uri https://registry.npmjs.org/fuzzysort
26 verbose request no auth needed
27 info attempt registry request try #1 at 12:24:34 PM
28 verbose request id 391753a368f85dd7
29 http request GET https://registry.npmjs.org/fuzzysort
30 http 200 https://registry.npmjs.org/fuzzysort
31 verbose headers { date: 'Mon, 11 May 2020 12:24:35 GMT',
31 verbose headers   'content-type': 'application/json; charset=UTF-8',
31 verbose headers   'transfer-encoding': 'chunked',
31 verbose headers   connection: 'keep-alive',
31 verbose headers   'set-cookie':
31 verbose headers    [ '__cfduid=dcd0516aee6187b204ad501e67abd17241589199875; expires=Wed, 10-Jun-20 12:24:35 GMT; path=/; domain=.npmjs.org; HttpOnly; SameSite=Lax' ],
31 verbose headers   'cf-ray': '591be0b2ea470c01-AMS',
31 verbose headers   'cache-control': 'public, max-age=300',
31 verbose headers   etag: 'W/"8988ecf01e950c853d2daccc56503556"',
31 verbose headers   'last-modified': 'Fri, 22 Jun 2018 09:58:56 GMT',
31 verbose headers   vary: 'accept-encoding, accept',
31 verbose headers   'cf-cache-status': 'REVALIDATED',
31 verbose headers   'expect-ct':
31 verbose headers    'max-age=604800, report-uri="https://report-uri.cloudflare.com/cdn-cgi/beacon/expect-ct"',
31 verbose headers   server: 'cloudflare',
31 verbose headers   'content-encoding': 'gzip',
31 verbose headers   'cf-request-id': '02a54ac3d500000c01da86b200000001' }
32 silly get cb [ 200,
32 silly get   { date: 'Mon, 11 May 2020 12:24:35 GMT',
32 silly get     'content-type': 'application/json; charset=UTF-8',
32 silly get     'transfer-encoding': 'chunked',
32 silly get     connection: 'keep-alive',
32 silly get     'set-cookie':
32 silly get      [ '__cfduid=dcd0516aee6187b204ad501e67abd17241589199875; expires=Wed, 10-Jun-20 12:24:35 GMT; path=/; domain=.npmjs.org; HttpOnly; SameSite=Lax' ],
32 silly get     'cf-ray': '591be0b2ea470c01-AMS',
32 silly get     'cache-control': 'public, max-age=300',
32 silly get     etag: 'W/"8988ecf01e950c853d2daccc56503556"',
32 silly get     'last-modified': 'Fri, 22 Jun 2018 09:58:56 GMT',
32 silly get     vary: 'accept-encoding, accept',
32 silly get     'cf-cache-status': 'REVALIDATED',
32 silly get     'expect-ct':
32 silly get      'max-age=604800, report-uri="https://report-uri.cloudflare.com/cdn-cgi/beacon/expect-ct"',
32 silly get     server: 'cloudflare',
32 silly get     'content-encoding': 'gzip',
32 silly get     'cf-request-id': '02a54ac3d500000c01da86b200000001' } ]
33 verbose get saving fuzzysort to /home/niels/.npm/registry.npmjs.org/fuzzysort/.cache.json
34 verbose correctMkdir /home/niels/.npm correctMkdir not in flight; initializing
35 silly resolveWithNewModule fuzzysort@1.1.4 checking installable status
36 silly cache add args [ 'fuzzysort@^1.1.4', null ]
37 verbose cache add spec fuzzysort@^1.1.4
38 silly cache add parsed spec Result {
38 silly cache add   raw: 'fuzzysort@^1.1.4',
38 silly cache add   scope: null,
38 silly cache add   escapedName: 'fuzzysort',
38 silly cache add   name: 'fuzzysort',
38 silly cache add   rawSpec: '^1.1.4',
38 silly cache add   spec: '>=1.1.4 <2.0.0',
38 silly cache add   type: 'range' }
39 silly addNamed fuzzysort@>=1.1.4 <2.0.0
40 verbose addNamed ">=1.1.4 <2.0.0" is a valid semver range for fuzzysort
41 silly addNameRange { name: 'fuzzysort', range: '>=1.1.4 <2.0.0', hasData: false }
42 silly mapToRegistry name fuzzysort
43 silly mapToRegistry using default registry
44 silly mapToRegistry registry https://registry.npmjs.org/
45 silly mapToRegistry data Result {
45 silly mapToRegistry   raw: 'fuzzysort',
45 silly mapToRegistry   scope: null,
45 silly mapToRegistry   escapedName: 'fuzzysort',
45 silly mapToRegistry   name: 'fuzzysort',
45 silly mapToRegistry   rawSpec: '',
45 silly mapToRegistry   spec: 'latest',
45 silly mapToRegistry   type: 'tag' }
46 silly mapToRegistry uri https://registry.npmjs.org/fuzzysort
47 verbose addNameRange registry:https://registry.npmjs.org/fuzzysort not in flight; fetching
48 verbose get https://registry.npmjs.org/fuzzysort not expired, no request
49 silly addNameRange number 2 { name: 'fuzzysort', range: '>=1.1.4 <2.0.0', hasData: true }
50 silly addNameRange versions [ 'fuzzysort',
50 silly addNameRange   [ '0.0.0',
50 silly addNameRange     '0.0.1',
50 silly addNameRange     '0.0.2',
50 silly addNameRange     '0.2.0',
50 silly addNameRange     '0.3.0',
50 silly addNameRange     '0.3.1',
50 silly addNameRange     '0.3.2',
50 silly addNameRange     '0.4.0',
50 silly addNameRange     '0.4.1',
50 silly addNameRange     '0.5.0',
50 silly addNameRange     '0.6.0',
50 silly addNameRange     '0.7.0',
50 silly addNameRange     '0.7.1',
50 silly addNameRange     '0.7.2',
50 silly addNameRange     '0.7.3',
50 silly addNameRange     '0.7.4',
50 silly addNameRange     '0.7.5',
50 silly addNameRange     '0.7.6',
50 silly addNameRange     '0.7.7',
50 silly addNameRange     '0.8.0',
50 silly addNameRange     '0.8.1',
50 silly addNameRange     '0.8.2',
50 silly addNameRange     '0.9.0',
50 silly addNameRange     '0.9.1',
50 silly addNameRange     '0.9.2',
50 silly addNameRange     '0.9.3',
50 silly addNameRange     '1.0.0',
50 silly addNameRange     '1.0.1',
50 silly addNameRange     '1.0.2',
50 silly addNameRange     '1.0.3',
50 silly addNameRange     '1.0.4',
50 silly addNameRange     '1.0.5',
50 silly addNameRange     '1.1.0',
50 silly addNameRange     '1.1.1',
50 silly addNameRange     '1.1.2',
50 silly addNameRange     '1.1.3',
50 silly addNameRange     '1.1.4' ] ]
51 silly addNamed fuzzysort@1.1.4
52 verbose addNamed "1.1.4" is a plain semver version for fuzzysort
53 silly mapToRegistry name fuzzysort
54 silly mapToRegistry using default registry
55 silly mapToRegistry registry https://registry.npmjs.org/
56 silly mapToRegistry data Result {
56 silly mapToRegistry   raw: 'fuzzysort',
56 silly mapToRegistry   scope: null,
56 silly mapToRegistry   escapedName: 'fuzzysort',
56 silly mapToRegistry   name: 'fuzzysort',
56 silly mapToRegistry   rawSpec: '',
56 silly mapToRegistry   spec: 'latest',
56 silly mapToRegistry   type: 'tag' }
57 silly mapToRegistry uri https://registry.npmjs.org/fuzzysort
58 verbose addRemoteTarball https://registry.npmjs.org/fuzzysort/-/fuzzysort-1.1.4.tgz not in flight; adding
59 verbose addRemoteTarball [ 'https://registry.npmjs.org/fuzzysort/-/fuzzysort-1.1.4.tgz',
59 verbose addRemoteTarball   'a0510206ed44532cbb52cf797bf5a3cb12acd4ba' ]
60 info retry fetch attempt 1 at 12:24:36 PM
61 info attempt registry request try #1 at 12:24:36 PM
62 http fetch GET https://registry.npmjs.org/fuzzysort/-/fuzzysort-1.1.4.tgz
63 http fetch 200 https://registry.npmjs.org/fuzzysort/-/fuzzysort-1.1.4.tgz
64 silly fetchAndShaCheck shasum a0510206ed44532cbb52cf797bf5a3cb12acd4ba
65 verbose addTmpTarball /tmp/npm-17732-acf7e2d5/registry.npmjs.org/fuzzysort/-/fuzzysort-1.1.4.tgz not in flight; adding
66 verbose addTmpTarball already have metadata; skipping unpack for fuzzysort@1.1.4
67 verbose correctMkdir /home/niels/.npm correctMkdir not in flight; initializing
68 silly cache afterAdd fuzzysort@1.1.4
69 verbose afterAdd /home/niels/.npm/fuzzysort/1.1.4/package/package.json not in flight; writing
70 verbose correctMkdir /home/niels/.npm correctMkdir not in flight; initializing
71 verbose afterAdd /home/niels/.npm/fuzzysort/1.1.4/package/package.json written
72 verbose stack TypeError: Class constructor  cannot be invoked without 'new'
72 verbose stack     at doUntar (/usr/local/lib/node_modules/npm/lib/fetch-package-metadata.js:343:33)
72 verbose stack     at doGunzip (/usr/local/lib/node_modules/npm/lib/fetch-package-metadata.js:339:5)
72 verbose stack     at ReadStream.OD (/usr/local/lib/node_modules/npm/lib/fetch-package-metadata.js:315:7)
72 verbose stack     at ReadStream.emit (events.js:198:13)
72 verbose stack     at addChunk (_stream_readable.js:288:12)
72 verbose stack     at readableAddChunk (_stream_readable.js:269:11)
72 verbose stack     at ReadStream.Readable.push (_stream_readable.js:224:10)
72 verbose stack     at lazyFs.read (internal/fs/streams.js:181:12)
72 verbose stack     at callback (/usr/local/lib/node_modules/npm/node_modules/graceful-fs/polyfills.js:128:19)
72 verbose stack     at FSReqWrap.wrapper [as oncomplete] (fs.js:467:17)
73 verbose cwd /denes/development/openstad/openstad-api
74 error Linux 4.19.66-v7+
75 error argv "/usr/local/bin/node" "/usr/local/bin/npm" "install"
76 error node v10.20.1
77 error npm  v4.0.5
78 error Class constructor  cannot be invoked without 'new'
79 error If you need help, you may report this error at:
79 error     <https://github.com/npm/npm/issues>
80 verbose exit [ 1, true ]
